<?xml version="1.0" encoding="UTF-8"?>
<coverage generated="1762832695231" clover="3.2.0">
  <project timestamp="1762832695231" name="All files">
    <metrics statements="201" coveredstatements="191" conditionals="159" coveredconditionals="143" methods="16" coveredmethods="16" elements="376" coveredelements="350" complexity="0" loc="201" ncloc="201" packages="1" files="4" classes="4"/>
    <file name="attribute-mapper.js" path="/Users/freddy/Documents/Github/devfreddy/apollo-router-dash0-demo/dashboards/src/attribute-mapper.js">
      <metrics statements="17" coveredstatements="17" conditionals="8" coveredconditionals="8" methods="4" coveredmethods="4"/>
      <line num="16" count="158" type="cond" truecount="2" falsecount="0"/>
      <line num="17" count="62" type="stmt"/>
      <line num="21" count="96" type="stmt"/>
      <line num="33" count="148" type="stmt"/>
      <line num="34" count="148" type="cond" truecount="2" falsecount="0"/>
      <line num="35" count="59" type="stmt"/>
      <line num="37" count="81" type="stmt"/>
      <line num="43" count="89" type="stmt"/>
      <line num="44" count="89" type="cond" truecount="2" falsecount="0"/>
      <line num="45" count="53" type="stmt"/>
      <line num="47" count="53" type="stmt"/>
      <line num="48" count="53" type="cond" truecount="2" falsecount="0"/>
      <line num="49" count="5" type="stmt"/>
      <line num="52" count="7" type="stmt"/>
      <line num="53" count="7" type="stmt"/>
      <line num="59" count="84" type="stmt"/>
      <line num="62" count="4" type="stmt"/>
    </file>
    <file name="metric-type.js" path="/Users/freddy/Documents/Github/devfreddy/apollo-router-dash0-demo/dashboards/src/metric-type.js">
      <metrics statements="13" coveredstatements="13" conditionals="8" coveredconditionals="8" methods="1" coveredmethods="1"/>
      <line num="32" count="177" type="stmt"/>
      <line num="34" count="1323" type="cond" truecount="2" falsecount="0"/>
      <line num="35" count="41" type="stmt"/>
      <line num="39" count="1282" type="cond" truecount="2" falsecount="0"/>
      <line num="40" count="96" type="stmt"/>
      <line num="41" count="96" type="cond" truecount="2" falsecount="0"/>
      <line num="42" count="15" type="stmt"/>
      <line num="46" count="1186" type="stmt"/>
      <line num="47" count="1186" type="stmt"/>
      <line num="48" count="1594" type="cond" truecount="2" falsecount="0"/>
      <line num="49" count="120" type="stmt"/>
      <line num="56" count="1" type="stmt"/>
      <line num="59" count="4" type="stmt"/>
    </file>
    <file name="promql-converter.js" path="/Users/freddy/Documents/Github/devfreddy/apollo-router-dash0-demo/dashboards/src/promql-converter.js">
      <metrics statements="111" coveredstatements="101" conditionals="92" coveredconditionals="79" methods="5" coveredmethods="5"/>
      <line num="29" count="3" type="stmt"/>
      <line num="30" count="3" type="stmt"/>
      <line num="44" count="125" type="stmt"/>
      <line num="45" count="125" type="cond" truecount="2" falsecount="0"/>
      <line num="46" count="33" type="stmt"/>
      <line num="49" count="92" type="stmt"/>
      <line num="50" count="92" type="stmt"/>
      <line num="54" count="231" type="stmt"/>
      <line num="56" count="92" type="stmt"/>
      <line num="57" count="231" type="cond" truecount="1" falsecount="1"/>
      <line num="60" count="231" type="stmt"/>
      <line num="61" count="231" type="stmt"/>
      <line num="62" count="231" type="cond" truecount="2" falsecount="0"/>
      <line num="63" count="15" type="stmt"/>
      <line num="64" count="15" type="stmt"/>
      <line num="68" count="231" type="cond" truecount="2" falsecount="0"/>
      <line num="69" count="166" type="stmt"/>
      <line num="73" count="65" type="stmt"/>
      <line num="74" count="65" type="cond" truecount="2" falsecount="0"/>
      <line num="77" count="16" type="stmt"/>
      <line num="80" count="49" type="stmt"/>
      <line num="81" count="49" type="stmt"/>
      <line num="83" count="49" type="stmt"/>
      <line num="90" count="92" type="stmt"/>
      <line num="103" count="125" type="cond" truecount="4" falsecount="0"/>
      <line num="104" count="84" type="stmt"/>
      <line num="107" count="41" type="stmt"/>
      <line num="108" count="49" type="stmt"/>
      <line num="112" count="49" type="cond" truecount="4" falsecount="0"/>
      <line num="115" count="20" type="stmt"/>
      <line num="118" count="20" type="cond" truecount="2" falsecount="0"/>
      <line num="119" count="20" type="stmt"/>
      <line num="122" count="29" type="cond" truecount="2" falsecount="0"/>
      <line num="123" count="29" type="stmt"/>
      <line num="126" count="49" type="stmt"/>
      <line num="129" count="41" type="stmt"/>
      <line num="136" count="130" type="cond" truecount="2" falsecount="0"/>
      <line num="141" count="128" type="stmt"/>
      <line num="142" count="128" type="cond" truecount="2" falsecount="0"/>
      <line num="144" count="125" type="stmt"/>
      <line num="145" count="125" type="stmt"/>
      <line num="152" count="125" type="stmt"/>
      <line num="158" count="125" type="stmt"/>
      <line num="163" count="125" type="stmt"/>
      <line num="164" count="125" type="stmt"/>
      <line num="170" count="125" type="cond" truecount="2" falsecount="0"/>
      <line num="184" count="125" type="stmt"/>
      <line num="186" count="125" type="cond" truecount="2" falsecount="0"/>
      <line num="195" count="20" type="stmt"/>
      <line num="197" count="20" type="cond" truecount="2" falsecount="0"/>
      <line num="198" count="8" type="stmt"/>
      <line num="203" count="12" type="stmt"/>
      <line num="205" count="105" type="cond" truecount="2" falsecount="0"/>
      <line num="211" count="58" type="cond" truecount="2" falsecount="0"/>
      <line num="214" count="6" type="cond" truecount="2" falsecount="0"/>
      <line num="215" count="3" type="stmt"/>
      <line num="217" count="3" type="stmt"/>
      <line num="219" count="52" type="cond" truecount="2" falsecount="0"/>
      <line num="222" count="17" type="cond" truecount="2" falsecount="0"/>
      <line num="223" count="10" type="stmt"/>
      <line num="228" count="7" type="cond" truecount="2" falsecount="0"/>
      <line num="229" count="6" type="stmt"/>
      <line num="231" count="1" type="stmt"/>
      <line num="238" count="35" type="cond" truecount="2" falsecount="0"/>
      <line num="240" count="5" type="cond" truecount="2" falsecount="0"/>
      <line num="241" count="1" type="stmt"/>
      <line num="243" count="4" type="stmt"/>
      <line num="247" count="30" type="cond" truecount="2" falsecount="0"/>
      <line num="248" count="7" type="stmt"/>
      <line num="250" count="23" type="stmt"/>
      <line num="254" count="47" type="cond" truecount="2" falsecount="0"/>
      <line num="256" count="15" type="cond" truecount="2" falsecount="0"/>
      <line num="257" count="4" type="cond" truecount="2" falsecount="0"/>
      <line num="258" count="2" type="stmt"/>
      <line num="260" count="2" type="stmt"/>
      <line num="262" count="11" type="cond" truecount="2" falsecount="0"/>
      <line num="263" count="5" type="cond" truecount="2" falsecount="0"/>
      <line num="264" count="4" type="stmt"/>
      <line num="266" count="1" type="stmt"/>
      <line num="270" count="6" type="cond" truecount="2" falsecount="0"/>
      <line num="271" count="1" type="stmt"/>
      <line num="273" count="5" type="stmt"/>
      <line num="276" count="32" type="cond" truecount="2" falsecount="0"/>
      <line num="278" count="26" type="cond" truecount="2" falsecount="0"/>
      <line num="279" count="10" type="cond" truecount="2" falsecount="0"/>
      <line num="280" count="4" type="stmt"/>
      <line num="283" count="6" type="stmt"/>
      <line num="286" count="16" type="cond" truecount="2" falsecount="0"/>
      <line num="287" count="4" type="stmt"/>
      <line num="289" count="12" type="stmt"/>
      <line num="292" count="6" type="cond" truecount="3" falsecount="1"/>
      <line num="296" count="6" type="cond" truecount="2" falsecount="0"/>
      <line num="300" count="2" type="cond" truecount="2" falsecount="0"/>
      <line num="301" count="1" type="stmt"/>
      <line num="304" count="1" type="stmt"/>
      <line num="306" count="4" type="cond" truecount="1" falsecount="1"/>
      <line num="307" count="0" type="cond" truecount="0" falsecount="2"/>
      <line num="308" count="0" type="stmt"/>
      <line num="310" count="0" type="stmt"/>
      <line num="314" count="4" type="cond" truecount="2" falsecount="0"/>
      <line num="315" count="1" type="stmt"/>
      <line num="317" count="3" type="stmt"/>
      <line num="322" count="0" type="cond" truecount="0" falsecount="4"/>
      <line num="323" count="0" type="cond" truecount="0" falsecount="2"/>
      <line num="324" count="0" type="stmt"/>
      <line num="326" count="0" type="stmt"/>
      <line num="329" count="0" type="cond" truecount="0" falsecount="2"/>
      <line num="330" count="0" type="stmt"/>
      <line num="332" count="0" type="stmt"/>
      <line num="337" count="125" type="stmt"/>
      <line num="340" count="3" type="stmt"/>
    </file>
    <file name="widget-converter.js" path="/Users/freddy/Documents/Github/devfreddy/apollo-router-dash0-demo/dashboards/src/widget-converter.js">
      <metrics statements="60" coveredstatements="60" conditionals="51" coveredconditionals="48" methods="6" coveredmethods="6"/>
      <line num="7" count="2" type="stmt"/>
      <line num="14" count="28" type="stmt"/>
      <line num="15" count="28" type="cond" truecount="2" falsecount="0"/>
      <line num="17" count="27" type="stmt"/>
      <line num="18" count="27" type="stmt"/>
      <line num="19" count="27" type="cond" truecount="2" falsecount="0"/>
      <line num="22" count="27" type="stmt"/>
      <line num="23" count="27" type="cond" truecount="2" falsecount="0"/>
      <line num="24" count="6" type="stmt"/>
      <line num="25" count="21" type="cond" truecount="2" falsecount="0"/>
      <line num="26" count="19" type="stmt"/>
      <line num="30" count="27" type="cond" truecount="2" falsecount="0"/>
      <line num="31" count="11" type="stmt"/>
      <line num="32" count="11" type="stmt"/>
      <line num="36" count="16" type="cond" truecount="2" falsecount="0"/>
      <line num="37" count="2" type="stmt"/>
      <line num="40" count="15" type="stmt"/>
      <line num="47" count="11" type="stmt"/>
      <line num="49" count="11" type="cond" truecount="4" falsecount="0"/>
      <line num="50" count="3" type="stmt"/>
      <line num="54" count="8" type="stmt"/>
      <line num="55" count="8" type="cond" truecount="2" falsecount="0"/>
      <line num="57" count="8" type="stmt"/>
      <line num="79" count="8" type="cond" truecount="2" falsecount="0"/>
      <line num="80" count="1" type="stmt"/>
      <line num="82" count="8" type="stmt"/>
      <line num="84" count="8" type="stmt"/>
      <line num="91" count="23" type="stmt"/>
      <line num="94" count="23" type="cond" truecount="2" falsecount="0"/>
      <line num="95" count="1" type="stmt"/>
      <line num="99" count="22" type="cond" truecount="4" falsecount="0"/>
      <line num="100" count="2" type="stmt"/>
      <line num="104" count="20" type="stmt"/>
      <line num="105" count="20" type="cond" truecount="2" falsecount="0"/>
      <line num="107" count="20" type="cond" truecount="4" falsecount="0"/>
      <line num="108" count="3" type="stmt"/>
      <line num="112" count="17" type="stmt"/>
      <line num="113" count="17" type="stmt"/>
      <line num="114" count="22" type="stmt"/>
      <line num="115" count="22" type="stmt"/>
      <line num="117" count="22" type="cond" truecount="2" falsecount="0"/>
      <line num="118" count="2" type="stmt"/>
      <line num="119" count="2" type="stmt"/>
      <line num="123" count="20" type="stmt"/>
      <line num="125" count="20" type="stmt"/>
      <line num="142" count="17" type="cond" truecount="2" falsecount="0"/>
      <line num="143" count="1" type="stmt"/>
      <line num="147" count="16" type="stmt"/>
      <line num="148" count="16" type="stmt"/>
      <line num="150" count="16" type="cond" truecount="2" falsecount="0"/>
      <line num="151" count="2" type="stmt"/>
      <line num="154" count="2" type="stmt"/>
      <line num="159" count="16" type="stmt"/>
      <line num="180" count="14" type="stmt"/>
      <line num="181" count="18" type="cond" truecount="4" falsecount="0"/>
      <line num="182" count="6" type="cond" truecount="1" falsecount="1"/>
      <line num="183" count="6" type="stmt"/>
      <line num="186" count="12" type="stmt"/>
      <line num="189" count="14" type="stmt"/>
      <line num="192" count="2" type="stmt"/>
    </file>
  </project>
</coverage>
