{"/Users/freddy/Documents/Github/devfreddy/apollo-router-dash0-demo/dashboards/src/attribute-mapper.js": {"path":"/Users/freddy/Documents/Github/devfreddy/apollo-router-dash0-demo/dashboards/src/attribute-mapper.js","statementMap":{"0":{"start":{"line":16,"column":2},"end":{"line":18,"column":3}},"1":{"start":{"line":17,"column":4},"end":{"line":17,"column":57}},"2":{"start":{"line":21,"column":2},"end":{"line":21,"column":45}},"3":{"start":{"line":33,"column":18},"end":{"line":33,"column":54}},"4":{"start":{"line":34,"column":2},"end":{"line":39,"column":3}},"5":{"start":{"line":35,"column":4},"end":{"line":38,"column":18}},"6":{"start":{"line":37,"column":19},"end":{"line":37,"column":67}},"7":{"start":{"line":43,"column":24},"end":{"line":43,"column":57}},"8":{"start":{"line":44,"column":2},"end":{"line":57,"column":3}},"9":{"start":{"line":45,"column":21},"end":{"line":45,"column":37}},"10":{"start":{"line":47,"column":28},"end":{"line":47,"column":70}},"11":{"start":{"line":48,"column":4},"end":{"line":56,"column":5}},"12":{"start":{"line":49,"column":6},"end":{"line":55,"column":20}},"13":{"start":{"line":52,"column":28},"end":{"line":52,"column":47}},"14":{"start":{"line":53,"column":10},"end":{"line":53,"column":64}},"15":{"start":{"line":59,"column":2},"end":{"line":59,"column":12}},"16":{"start":{"line":62,"column":0},"end":{"line":65,"column":2}}},"fnMap":{"0":{"name":"mapAttributeName","decl":{"start":{"line":14,"column":9},"end":{"line":14,"column":25}},"loc":{"start":{"line":14,"column":62},"end":{"line":22,"column":1}},"line":14},"1":{"name":"extractGroupBy","decl":{"start":{"line":31,"column":9},"end":{"line":31,"column":23}},"loc":{"start":{"line":31,"column":57},"end":{"line":60,"column":1}},"line":31},"2":{"name":"(anonymous_2)","decl":{"start":{"line":37,"column":11},"end":{"line":37,"column":12}},"loc":{"start":{"line":37,"column":19},"end":{"line":37,"column":67}},"line":37},"3":{"name":"(anonymous_3)","decl":{"start":{"line":50,"column":13},"end":{"line":50,"column":14}},"loc":{"start":{"line":50,"column":22},"end":{"line":54,"column":9}},"line":50}},"branchMap":{"0":{"loc":{"start":{"line":16,"column":2},"end":{"line":18,"column":3}},"type":"if","locations":[{"start":{"line":16,"column":2},"end":{"line":18,"column":3}},{"start":{},"end":{}}],"line":16},"1":{"loc":{"start":{"line":34,"column":2},"end":{"line":39,"column":3}},"type":"if","locations":[{"start":{"line":34,"column":2},"end":{"line":39,"column":3}},{"start":{},"end":{}}],"line":34},"2":{"loc":{"start":{"line":44,"column":2},"end":{"line":57,"column":3}},"type":"if","locations":[{"start":{"line":44,"column":2},"end":{"line":57,"column":3}},{"start":{},"end":{}}],"line":44},"3":{"loc":{"start":{"line":48,"column":4},"end":{"line":56,"column":5}},"type":"if","locations":[{"start":{"line":48,"column":4},"end":{"line":56,"column":5}},{"start":{},"end":{}}],"line":48}},"s":{"0":158,"1":62,"2":96,"3":148,"4":148,"5":59,"6":81,"7":89,"8":89,"9":53,"10":53,"11":53,"12":5,"13":7,"14":7,"15":84,"16":4},"f":{"0":158,"1":148,"2":81,"3":7},"b":{"0":[62,96],"1":[59,89],"2":[53,36],"3":[5,48]},"_coverageSchema":"1a1c01bbd47fc00a2c39e90264f33305004495a9","hash":"bdd1ff251bef389add733b5de54b9bb8a9b8bbf3"}
,"/Users/freddy/Documents/Github/devfreddy/apollo-router-dash0-demo/dashboards/src/metric-type.js": {"path":"/Users/freddy/Documents/Github/devfreddy/apollo-router-dash0-demo/dashboards/src/metric-type.js","statementMap":{"0":{"start":{"line":32,"column":2},"end":{"line":53,"column":3}},"1":{"start":{"line":34,"column":4},"end":{"line":36,"column":5}},"2":{"start":{"line":35,"column":6},"end":{"line":35,"column":23}},"3":{"start":{"line":39,"column":4},"end":{"line":52,"column":5}},"4":{"start":{"line":40,"column":20},"end":{"line":40,"column":50}},"5":{"start":{"line":41,"column":6},"end":{"line":43,"column":7}},"6":{"start":{"line":42,"column":8},"end":{"line":42,"column":25}},"7":{"start":{"line":46,"column":23},"end":{"line":46,"column":46}},"8":{"start":{"line":47,"column":6},"end":{"line":51,"column":7}},"9":{"start":{"line":48,"column":8},"end":{"line":50,"column":9}},"10":{"start":{"line":49,"column":10},"end":{"line":49,"column":27}},"11":{"start":{"line":56,"column":2},"end":{"line":56,"column":17}},"12":{"start":{"line":59,"column":0},"end":{"line":61,"column":2}}},"fnMap":{"0":{"name":"getMetricType","decl":{"start":{"line":30,"column":9},"end":{"line":30,"column":22}},"loc":{"start":{"line":30,"column":52},"end":{"line":57,"column":1}},"line":30}},"branchMap":{"0":{"loc":{"start":{"line":34,"column":4},"end":{"line":36,"column":5}},"type":"if","locations":[{"start":{"line":34,"column":4},"end":{"line":36,"column":5}},{"start":{},"end":{}}],"line":34},"1":{"loc":{"start":{"line":39,"column":4},"end":{"line":52,"column":5}},"type":"if","locations":[{"start":{"line":39,"column":4},"end":{"line":52,"column":5}},{"start":{"line":44,"column":11},"end":{"line":52,"column":5}}],"line":39},"2":{"loc":{"start":{"line":41,"column":6},"end":{"line":43,"column":7}},"type":"if","locations":[{"start":{"line":41,"column":6},"end":{"line":43,"column":7}},{"start":{},"end":{}}],"line":41},"3":{"loc":{"start":{"line":48,"column":8},"end":{"line":50,"column":9}},"type":"if","locations":[{"start":{"line":48,"column":8},"end":{"line":50,"column":9}},{"start":{},"end":{}}],"line":48}},"s":{"0":177,"1":1323,"2":41,"3":1282,"4":96,"5":96,"6":15,"7":1186,"8":1186,"9":1594,"10":120,"11":1,"12":4},"f":{"0":177},"b":{"0":[41,1282],"1":[96,1186],"2":[15,81],"3":[120,1474]},"_coverageSchema":"1a1c01bbd47fc00a2c39e90264f33305004495a9","hash":"b91fe64e6587205a9ff6677f3886ebd2aaed256a"}
,"/Users/freddy/Documents/Github/devfreddy/apollo-router-dash0-demo/dashboards/src/promql-converter.js": {"path":"/Users/freddy/Documents/Github/devfreddy/apollo-router-dash0-demo/dashboards/src/promql-converter.js","statementMap":{"0":{"start":{"line":29,"column":26},"end":{"line":29,"column":50}},"1":{"start":{"line":30,"column":45},"end":{"line":30,"column":74}},"2":{"start":{"line":44,"column":24},"end":{"line":44,"column":57}},"3":{"start":{"line":45,"column":2},"end":{"line":47,"column":3}},"4":{"start":{"line":46,"column":4},"end":{"line":46,"column":14}},"5":{"start":{"line":49,"column":26},"end":{"line":49,"column":42}},"6":{"start":{"line":50,"column":18},"end":{"line":50,"column":20}},"7":{"start":{"line":54,"column":16},"end":{"line":54,"column":61}},"8":{"start":{"line":54,"column":52},"end":{"line":54,"column":60}},"9":{"start":{"line":56,"column":2},"end":{"line":88,"column":3}},"10":{"start":{"line":57,"column":4},"end":{"line":57,"column":24}},"11":{"start":{"line":57,"column":15},"end":{"line":57,"column":24}},"12":{"start":{"line":60,"column":17},"end":{"line":60,"column":22}},"13":{"start":{"line":61,"column":21},"end":{"line":61,"column":25}},"14":{"start":{"line":62,"column":4},"end":{"line":65,"column":5}},"15":{"start":{"line":63,"column":6},"end":{"line":63,"column":20}},"16":{"start":{"line":64,"column":6},"end":{"line":64,"column":37}},"17":{"start":{"line":68,"column":4},"end":{"line":70,"column":5}},"18":{"start":{"line":69,"column":6},"end":{"line":69,"column":15}},"19":{"start":{"line":73,"column":23},"end":{"line":73,"column":46}},"20":{"start":{"line":74,"column":4},"end":{"line":78,"column":5}},"21":{"start":{"line":77,"column":6},"end":{"line":77,"column":15}},"22":{"start":{"line":80,"column":16},"end":{"line":80,"column":51}},"23":{"start":{"line":81,"column":18},"end":{"line":81,"column":54}},"24":{"start":{"line":83,"column":4},"end":{"line":87,"column":7}},"25":{"start":{"line":90,"column":2},"end":{"line":90,"column":17}},"26":{"start":{"line":103,"column":2},"end":{"line":105,"column":3}},"27":{"start":{"line":104,"column":4},"end":{"line":104,"column":14}},"28":{"start":{"line":107,"column":19},"end":{"line":127,"column":4}},"29":{"start":{"line":108,"column":22},"end":{"line":108,"column":69}},"30":{"start":{"line":112,"column":4},"end":{"line":124,"column":5}},"31":{"start":{"line":115,"column":25},"end":{"line":117,"column":28}},"32":{"start":{"line":118,"column":17},"end":{"line":118,"column":44}},"33":{"start":{"line":119,"column":6},"end":{"line":119,"column":51}},"34":{"start":{"line":122,"column":17},"end":{"line":122,"column":43}},"35":{"start":{"line":123,"column":6},"end":{"line":123,"column":53}},"36":{"start":{"line":126,"column":4},"end":{"line":126,"column":19}},"37":{"start":{"line":129,"column":2},"end":{"line":129,"column":29}},"38":{"start":{"line":136,"column":2},"end":{"line":136,"column":33}},"39":{"start":{"line":136,"column":21},"end":{"line":136,"column":33}},"40":{"start":{"line":141,"column":22},"end":{"line":141,"column":81}},"41":{"start":{"line":142,"column":2},"end":{"line":142,"column":32}},"42":{"start":{"line":142,"column":20},"end":{"line":142,"column":32}},"43":{"start":{"line":144,"column":38},"end":{"line":144,"column":49}},"44":{"start":{"line":145,"column":26},"end":{"line":145,"column":43}},"45":{"start":{"line":152,"column":21},"end":{"line":152,"column":68}},"46":{"start":{"line":158,"column":18},"end":{"line":158,"column":65}},"47":{"start":{"line":163,"column":18},"end":{"line":163,"column":46}},"48":{"start":{"line":164,"column":25},"end":{"line":164,"column":68}},"49":{"start":{"line":170,"column":23},"end":{"line":172,"column":85}},"50":{"start":{"line":184,"column":15},"end":{"line":184,"column":17}},"51":{"start":{"line":186,"column":2},"end":{"line":335,"column":3}},"52":{"start":{"line":195,"column":23},"end":{"line":195,"column":63}},"53":{"start":{"line":197,"column":4},"end":{"line":204,"column":5}},"54":{"start":{"line":198,"column":6},"end":{"line":198,"column":104}},"55":{"start":{"line":203,"column":6},"end":{"line":203,"column":83}},"56":{"start":{"line":205,"column":9},"end":{"line":335,"column":3}},"57":{"start":{"line":211,"column":4},"end":{"line":253,"column":5}},"58":{"start":{"line":214,"column":6},"end":{"line":218,"column":7}},"59":{"start":{"line":215,"column":8},"end":{"line":215,"column":67}},"60":{"start":{"line":217,"column":8},"end":{"line":217,"column":50}},"61":{"start":{"line":219,"column":11},"end":{"line":253,"column":5}},"62":{"start":{"line":222,"column":6},"end":{"line":233,"column":7}},"63":{"start":{"line":223,"column":8},"end":{"line":223,"column":86}},"64":{"start":{"line":228,"column":8},"end":{"line":232,"column":9}},"65":{"start":{"line":229,"column":10},"end":{"line":229,"column":71}},"66":{"start":{"line":231,"column":10},"end":{"line":231,"column":66}},"67":{"start":{"line":238,"column":6},"end":{"line":252,"column":7}},"68":{"start":{"line":240,"column":8},"end":{"line":244,"column":9}},"69":{"start":{"line":241,"column":10},"end":{"line":241,"column":88}},"70":{"start":{"line":243,"column":10},"end":{"line":243,"column":71}},"71":{"start":{"line":247,"column":8},"end":{"line":251,"column":9}},"72":{"start":{"line":248,"column":10},"end":{"line":248,"column":69}},"73":{"start":{"line":250,"column":10},"end":{"line":250,"column":52}},"74":{"start":{"line":254,"column":9},"end":{"line":335,"column":3}},"75":{"start":{"line":256,"column":4},"end":{"line":275,"column":5}},"76":{"start":{"line":257,"column":6},"end":{"line":261,"column":7}},"77":{"start":{"line":258,"column":8},"end":{"line":258,"column":82}},"78":{"start":{"line":260,"column":8},"end":{"line":260,"column":60}},"79":{"start":{"line":262,"column":11},"end":{"line":275,"column":5}},"80":{"start":{"line":263,"column":6},"end":{"line":267,"column":7}},"81":{"start":{"line":264,"column":8},"end":{"line":264,"column":67}},"82":{"start":{"line":266,"column":8},"end":{"line":266,"column":50}},"83":{"start":{"line":270,"column":6},"end":{"line":274,"column":7}},"84":{"start":{"line":271,"column":8},"end":{"line":271,"column":57}},"85":{"start":{"line":273,"column":8},"end":{"line":273,"column":40}},"86":{"start":{"line":276,"column":9},"end":{"line":335,"column":3}},"87":{"start":{"line":278,"column":4},"end":{"line":291,"column":5}},"88":{"start":{"line":279,"column":6},"end":{"line":284,"column":7}},"89":{"start":{"line":280,"column":8},"end":{"line":280,"column":82}},"90":{"start":{"line":283,"column":8},"end":{"line":283,"column":60}},"91":{"start":{"line":286,"column":6},"end":{"line":290,"column":7}},"92":{"start":{"line":287,"column":8},"end":{"line":287,"column":57}},"93":{"start":{"line":289,"column":8},"end":{"line":289,"column":40}},"94":{"start":{"line":292,"column":9},"end":{"line":335,"column":3}},"95":{"start":{"line":296,"column":4},"end":{"line":319,"column":5}},"96":{"start":{"line":300,"column":6},"end":{"line":305,"column":7}},"97":{"start":{"line":301,"column":8},"end":{"line":301,"column":82}},"98":{"start":{"line":304,"column":8},"end":{"line":304,"column":65}},"99":{"start":{"line":306,"column":11},"end":{"line":319,"column":5}},"100":{"start":{"line":307,"column":6},"end":{"line":311,"column":7}},"101":{"start":{"line":308,"column":8},"end":{"line":308,"column":78}},"102":{"start":{"line":310,"column":8},"end":{"line":310,"column":61}},"103":{"start":{"line":314,"column":6},"end":{"line":318,"column":7}},"104":{"start":{"line":315,"column":8},"end":{"line":315,"column":68}},"105":{"start":{"line":317,"column":8},"end":{"line":317,"column":51}},"106":{"start":{"line":322,"column":4},"end":{"line":334,"column":5}},"107":{"start":{"line":323,"column":6},"end":{"line":327,"column":7}},"108":{"start":{"line":324,"column":8},"end":{"line":324,"column":78}},"109":{"start":{"line":326,"column":8},"end":{"line":326,"column":61}},"110":{"start":{"line":329,"column":6},"end":{"line":333,"column":7}},"111":{"start":{"line":330,"column":8},"end":{"line":330,"column":68}},"112":{"start":{"line":332,"column":8},"end":{"line":332,"column":51}},"113":{"start":{"line":337,"column":2},"end":{"line":337,"column":16}},"114":{"start":{"line":340,"column":0},"end":{"line":342,"column":2}}},"fnMap":{"0":{"name":"extractFilters","decl":{"start":{"line":42,"column":9},"end":{"line":42,"column":23}},"loc":{"start":{"line":42,"column":38},"end":{"line":91,"column":1}},"line":42},"1":{"name":"(anonymous_1)","decl":{"start":{"line":54,"column":47},"end":{"line":54,"column":48}},"loc":{"start":{"line":54,"column":52},"end":{"line":54,"column":60}},"line":54},"2":{"name":"filtersToPromQL","decl":{"start":{"line":102,"column":9},"end":{"line":102,"column":24}},"loc":{"start":{"line":102,"column":53},"end":{"line":130,"column":1}},"line":102},"3":{"name":"(anonymous_3)","decl":{"start":{"line":107,"column":31},"end":{"line":107,"column":32}},"loc":{"start":{"line":107,"column":41},"end":{"line":127,"column":3}},"line":107},"4":{"name":"convertToPromQL","decl":{"start":{"line":135,"column":9},"end":{"line":135,"column":24}},"loc":{"start":{"line":135,"column":87},"end":{"line":338,"column":1}},"line":135}},"branchMap":{"0":{"loc":{"start":{"line":45,"column":2},"end":{"line":47,"column":3}},"type":"if","locations":[{"start":{"line":45,"column":2},"end":{"line":47,"column":3}},{"start":{},"end":{}}],"line":45},"1":{"loc":{"start":{"line":57,"column":4},"end":{"line":57,"column":24}},"type":"if","locations":[{"start":{"line":57,"column":4},"end":{"line":57,"column":24}},{"start":{},"end":{}}],"line":57},"2":{"loc":{"start":{"line":62,"column":4},"end":{"line":65,"column":5}},"type":"if","locations":[{"start":{"line":62,"column":4},"end":{"line":65,"column":5}},{"start":{},"end":{}}],"line":62},"3":{"loc":{"start":{"line":68,"column":4},"end":{"line":70,"column":5}},"type":"if","locations":[{"start":{"line":68,"column":4},"end":{"line":70,"column":5}},{"start":{},"end":{}}],"line":68},"4":{"loc":{"start":{"line":74,"column":4},"end":{"line":78,"column":5}},"type":"if","locations":[{"start":{"line":74,"column":4},"end":{"line":78,"column":5}},{"start":{},"end":{}}],"line":74},"5":{"loc":{"start":{"line":103,"column":2},"end":{"line":105,"column":3}},"type":"if","locations":[{"start":{"line":103,"column":2},"end":{"line":105,"column":3}},{"start":{},"end":{}}],"line":103},"6":{"loc":{"start":{"line":103,"column":6},"end":{"line":103,"column":38}},"type":"binary-expr","locations":[{"start":{"line":103,"column":6},"end":{"line":103,"column":14}},{"start":{"line":103,"column":18},"end":{"line":103,"column":38}}],"line":103},"7":{"loc":{"start":{"line":112,"column":4},"end":{"line":124,"column":5}},"type":"if","locations":[{"start":{"line":112,"column":4},"end":{"line":124,"column":5}},{"start":{"line":120,"column":11},"end":{"line":124,"column":5}}],"line":112},"8":{"loc":{"start":{"line":112,"column":8},"end":{"line":112,"column":64}},"type":"binary-expr","locations":[{"start":{"line":112,"column":8},"end":{"line":112,"column":34}},{"start":{"line":112,"column":38},"end":{"line":112,"column":64}}],"line":112},"9":{"loc":{"start":{"line":118,"column":17},"end":{"line":118,"column":44}},"type":"cond-expr","locations":[{"start":{"line":118,"column":33},"end":{"line":118,"column":37}},{"start":{"line":118,"column":40},"end":{"line":118,"column":44}}],"line":118},"10":{"loc":{"start":{"line":122,"column":17},"end":{"line":122,"column":43}},"type":"cond-expr","locations":[{"start":{"line":122,"column":33},"end":{"line":122,"column":37}},{"start":{"line":122,"column":40},"end":{"line":122,"column":43}}],"line":122},"11":{"loc":{"start":{"line":136,"column":2},"end":{"line":136,"column":33}},"type":"if","locations":[{"start":{"line":136,"column":2},"end":{"line":136,"column":33}},{"start":{},"end":{}}],"line":136},"12":{"loc":{"start":{"line":142,"column":2},"end":{"line":142,"column":32}},"type":"if","locations":[{"start":{"line":142,"column":2},"end":{"line":142,"column":32}},{"start":{},"end":{}}],"line":142},"13":{"loc":{"start":{"line":170,"column":23},"end":{"line":172,"column":85}},"type":"cond-expr","locations":[{"start":{"line":171,"column":6},"end":{"line":171,"column":104}},{"start":{"line":172,"column":6},"end":{"line":172,"column":85}}],"line":170},"14":{"loc":{"start":{"line":186,"column":2},"end":{"line":335,"column":3}},"type":"if","locations":[{"start":{"line":186,"column":2},"end":{"line":335,"column":3}},{"start":{"line":205,"column":9},"end":{"line":335,"column":3}}],"line":186},"15":{"loc":{"start":{"line":197,"column":4},"end":{"line":204,"column":5}},"type":"if","locations":[{"start":{"line":197,"column":4},"end":{"line":204,"column":5}},{"start":{"line":199,"column":11},"end":{"line":204,"column":5}}],"line":197},"16":{"loc":{"start":{"line":205,"column":9},"end":{"line":335,"column":3}},"type":"if","locations":[{"start":{"line":205,"column":9},"end":{"line":335,"column":3}},{"start":{"line":254,"column":9},"end":{"line":335,"column":3}}],"line":205},"17":{"loc":{"start":{"line":211,"column":4},"end":{"line":253,"column":5}},"type":"if","locations":[{"start":{"line":211,"column":4},"end":{"line":253,"column":5}},{"start":{"line":219,"column":11},"end":{"line":253,"column":5}}],"line":211},"18":{"loc":{"start":{"line":214,"column":6},"end":{"line":218,"column":7}},"type":"if","locations":[{"start":{"line":214,"column":6},"end":{"line":218,"column":7}},{"start":{"line":216,"column":13},"end":{"line":218,"column":7}}],"line":214},"19":{"loc":{"start":{"line":219,"column":11},"end":{"line":253,"column":5}},"type":"if","locations":[{"start":{"line":219,"column":11},"end":{"line":253,"column":5}},{"start":{"line":234,"column":11},"end":{"line":253,"column":5}}],"line":219},"20":{"loc":{"start":{"line":222,"column":6},"end":{"line":233,"column":7}},"type":"if","locations":[{"start":{"line":222,"column":6},"end":{"line":233,"column":7}},{"start":{"line":224,"column":13},"end":{"line":233,"column":7}}],"line":222},"21":{"loc":{"start":{"line":228,"column":8},"end":{"line":232,"column":9}},"type":"if","locations":[{"start":{"line":228,"column":8},"end":{"line":232,"column":9}},{"start":{"line":230,"column":15},"end":{"line":232,"column":9}}],"line":228},"22":{"loc":{"start":{"line":238,"column":6},"end":{"line":252,"column":7}},"type":"if","locations":[{"start":{"line":238,"column":6},"end":{"line":252,"column":7}},{"start":{"line":245,"column":13},"end":{"line":252,"column":7}}],"line":238},"23":{"loc":{"start":{"line":240,"column":8},"end":{"line":244,"column":9}},"type":"if","locations":[{"start":{"line":240,"column":8},"end":{"line":244,"column":9}},{"start":{"line":242,"column":15},"end":{"line":244,"column":9}}],"line":240},"24":{"loc":{"start":{"line":247,"column":8},"end":{"line":251,"column":9}},"type":"if","locations":[{"start":{"line":247,"column":8},"end":{"line":251,"column":9}},{"start":{"line":249,"column":15},"end":{"line":251,"column":9}}],"line":247},"25":{"loc":{"start":{"line":254,"column":9},"end":{"line":335,"column":3}},"type":"if","locations":[{"start":{"line":254,"column":9},"end":{"line":335,"column":3}},{"start":{"line":276,"column":9},"end":{"line":335,"column":3}}],"line":254},"26":{"loc":{"start":{"line":256,"column":4},"end":{"line":275,"column":5}},"type":"if","locations":[{"start":{"line":256,"column":4},"end":{"line":275,"column":5}},{"start":{"line":262,"column":11},"end":{"line":275,"column":5}}],"line":256},"27":{"loc":{"start":{"line":257,"column":6},"end":{"line":261,"column":7}},"type":"if","locations":[{"start":{"line":257,"column":6},"end":{"line":261,"column":7}},{"start":{"line":259,"column":13},"end":{"line":261,"column":7}}],"line":257},"28":{"loc":{"start":{"line":262,"column":11},"end":{"line":275,"column":5}},"type":"if","locations":[{"start":{"line":262,"column":11},"end":{"line":275,"column":5}},{"start":{"line":268,"column":11},"end":{"line":275,"column":5}}],"line":262},"29":{"loc":{"start":{"line":263,"column":6},"end":{"line":267,"column":7}},"type":"if","locations":[{"start":{"line":263,"column":6},"end":{"line":267,"column":7}},{"start":{"line":265,"column":13},"end":{"line":267,"column":7}}],"line":263},"30":{"loc":{"start":{"line":270,"column":6},"end":{"line":274,"column":7}},"type":"if","locations":[{"start":{"line":270,"column":6},"end":{"line":274,"column":7}},{"start":{"line":272,"column":13},"end":{"line":274,"column":7}}],"line":270},"31":{"loc":{"start":{"line":276,"column":9},"end":{"line":335,"column":3}},"type":"if","locations":[{"start":{"line":276,"column":9},"end":{"line":335,"column":3}},{"start":{"line":292,"column":9},"end":{"line":335,"column":3}}],"line":276},"32":{"loc":{"start":{"line":278,"column":4},"end":{"line":291,"column":5}},"type":"if","locations":[{"start":{"line":278,"column":4},"end":{"line":291,"column":5}},{"start":{"line":285,"column":11},"end":{"line":291,"column":5}}],"line":278},"33":{"loc":{"start":{"line":279,"column":6},"end":{"line":284,"column":7}},"type":"if","locations":[{"start":{"line":279,"column":6},"end":{"line":284,"column":7}},{"start":{"line":281,"column":13},"end":{"line":284,"column":7}}],"line":279},"34":{"loc":{"start":{"line":286,"column":6},"end":{"line":290,"column":7}},"type":"if","locations":[{"start":{"line":286,"column":6},"end":{"line":290,"column":7}},{"start":{"line":288,"column":13},"end":{"line":290,"column":7}}],"line":286},"35":{"loc":{"start":{"line":292,"column":9},"end":{"line":335,"column":3}},"type":"if","locations":[{"start":{"line":292,"column":9},"end":{"line":335,"column":3}},{"start":{"line":320,"column":9},"end":{"line":335,"column":3}}],"line":292},"36":{"loc":{"start":{"line":292,"column":13},"end":{"line":292,"column":59}},"type":"binary-expr","locations":[{"start":{"line":292,"column":13},"end":{"line":292,"column":34}},{"start":{"line":292,"column":38},"end":{"line":292,"column":59}}],"line":292},"37":{"loc":{"start":{"line":296,"column":4},"end":{"line":319,"column":5}},"type":"if","locations":[{"start":{"line":296,"column":4},"end":{"line":319,"column":5}},{"start":{"line":306,"column":11},"end":{"line":319,"column":5}}],"line":296},"38":{"loc":{"start":{"line":300,"column":6},"end":{"line":305,"column":7}},"type":"if","locations":[{"start":{"line":300,"column":6},"end":{"line":305,"column":7}},{"start":{"line":302,"column":13},"end":{"line":305,"column":7}}],"line":300},"39":{"loc":{"start":{"line":306,"column":11},"end":{"line":319,"column":5}},"type":"if","locations":[{"start":{"line":306,"column":11},"end":{"line":319,"column":5}},{"start":{"line":312,"column":11},"end":{"line":319,"column":5}}],"line":306},"40":{"loc":{"start":{"line":307,"column":6},"end":{"line":311,"column":7}},"type":"if","locations":[{"start":{"line":307,"column":6},"end":{"line":311,"column":7}},{"start":{"line":309,"column":13},"end":{"line":311,"column":7}}],"line":307},"41":{"loc":{"start":{"line":314,"column":6},"end":{"line":318,"column":7}},"type":"if","locations":[{"start":{"line":314,"column":6},"end":{"line":318,"column":7}},{"start":{"line":316,"column":13},"end":{"line":318,"column":7}}],"line":314},"42":{"loc":{"start":{"line":322,"column":4},"end":{"line":334,"column":5}},"type":"if","locations":[{"start":{"line":322,"column":4},"end":{"line":334,"column":5}},{"start":{"line":328,"column":11},"end":{"line":334,"column":5}}],"line":322},"43":{"loc":{"start":{"line":322,"column":8},"end":{"line":322,"column":58}},"type":"binary-expr","locations":[{"start":{"line":322,"column":8},"end":{"line":322,"column":34}},{"start":{"line":322,"column":38},"end":{"line":322,"column":58}}],"line":322},"44":{"loc":{"start":{"line":323,"column":6},"end":{"line":327,"column":7}},"type":"if","locations":[{"start":{"line":323,"column":6},"end":{"line":327,"column":7}},{"start":{"line":325,"column":13},"end":{"line":327,"column":7}}],"line":323},"45":{"loc":{"start":{"line":329,"column":6},"end":{"line":333,"column":7}},"type":"if","locations":[{"start":{"line":329,"column":6},"end":{"line":333,"column":7}},{"start":{"line":331,"column":13},"end":{"line":333,"column":7}}],"line":329}},"s":{"0":3,"1":3,"2":125,"3":125,"4":33,"5":92,"6":92,"7":92,"8":231,"9":92,"10":231,"11":0,"12":231,"13":231,"14":231,"15":15,"16":15,"17":231,"18":166,"19":65,"20":65,"21":16,"22":49,"23":49,"24":49,"25":92,"26":125,"27":84,"28":41,"29":49,"30":49,"31":20,"32":20,"33":20,"34":29,"35":29,"36":49,"37":41,"38":130,"39":2,"40":128,"41":128,"42":3,"43":125,"44":125,"45":125,"46":125,"47":125,"48":125,"49":125,"50":125,"51":125,"52":20,"53":20,"54":8,"55":12,"56":105,"57":58,"58":6,"59":3,"60":3,"61":52,"62":17,"63":10,"64":7,"65":6,"66":1,"67":35,"68":5,"69":1,"70":4,"71":30,"72":7,"73":23,"74":47,"75":15,"76":4,"77":2,"78":2,"79":11,"80":5,"81":4,"82":1,"83":6,"84":1,"85":5,"86":32,"87":26,"88":10,"89":4,"90":6,"91":16,"92":4,"93":12,"94":6,"95":6,"96":2,"97":1,"98":1,"99":4,"100":0,"101":0,"102":0,"103":4,"104":1,"105":3,"106":0,"107":0,"108":0,"109":0,"110":0,"111":0,"112":0,"113":125,"114":3},"f":{"0":125,"1":231,"2":125,"3":49,"4":130},"b":{"0":[33,92],"1":[0,231],"2":[15,216],"3":[166,65],"4":[16,49],"5":[84,41],"6":[125,125],"7":[20,29],"8":[49,29],"9":[13,7],"10":[2,27],"11":[2,128],"12":[3,125],"13":[41,84],"14":[20,105],"15":[8,12],"16":[58,47],"17":[6,52],"18":[3,3],"19":[17,35],"20":[10,7],"21":[6,1],"22":[5,30],"23":[1,4],"24":[7,23],"25":[15,32],"26":[4,11],"27":[2,2],"28":[5,6],"29":[4,1],"30":[1,5],"31":[26,6],"32":[10,16],"33":[4,6],"34":[4,12],"35":[6,0],"36":[6,1],"37":[2,4],"38":[1,1],"39":[0,4],"40":[0,0],"41":[1,3],"42":[0,0],"43":[0,0],"44":[0,0],"45":[0,0]},"_coverageSchema":"1a1c01bbd47fc00a2c39e90264f33305004495a9","hash":"8ee7b3f55aaa2e12d66aec7390b260e31d5deaad"}
,"/Users/freddy/Documents/Github/devfreddy/apollo-router-dash0-demo/dashboards/src/widget-converter.js": {"path":"/Users/freddy/Documents/Github/devfreddy/apollo-router-dash0-demo/dashboards/src/widget-converter.js","statementMap":{"0":{"start":{"line":7,"column":28},"end":{"line":7,"column":57}},"1":{"start":{"line":14,"column":22},"end":{"line":14,"column":81}},"2":{"start":{"line":15,"column":2},"end":{"line":15,"column":35}},"3":{"start":{"line":15,"column":20},"end":{"line":15,"column":35}},"4":{"start":{"line":17,"column":38},"end":{"line":17,"column":49}},"5":{"start":{"line":18,"column":18},"end":{"line":18,"column":54}},"6":{"start":{"line":19,"column":18},"end":{"line":19,"column":79}},"7":{"start":{"line":19,"column":62},"end":{"line":19,"column":73}},"8":{"start":{"line":22,"column":24},"end":{"line":22,"column":35}},"9":{"start":{"line":23,"column":2},"end":{"line":27,"column":3}},"10":{"start":{"line":24,"column":4},"end":{"line":24,"column":53}},"11":{"start":{"line":25,"column":9},"end":{"line":27,"column":3}},"12":{"start":{"line":26,"column":4},"end":{"line":26,"column":30}},"13":{"start":{"line":30,"column":2},"end":{"line":33,"column":3}},"14":{"start":{"line":31,"column":17},"end":{"line":31,"column":83}},"15":{"start":{"line":32,"column":4},"end":{"line":32,"column":64}},"16":{"start":{"line":36,"column":2},"end":{"line":38,"column":3}},"17":{"start":{"line":37,"column":4},"end":{"line":37,"column":67}},"18":{"start":{"line":37,"column":34},"end":{"line":37,"column":52}},"19":{"start":{"line":40,"column":2},"end":{"line":40,"column":76}},"20":{"start":{"line":47,"column":14},"end":{"line":47,"column":31}},"21":{"start":{"line":49,"column":2},"end":{"line":51,"column":3}},"22":{"start":{"line":50,"column":4},"end":{"line":50,"column":16}},"23":{"start":{"line":54,"column":20},"end":{"line":54,"column":46}},"24":{"start":{"line":55,"column":16},"end":{"line":55,"column":86}},"25":{"start":{"line":57,"column":16},"end":{"line":75,"column":3}},"26":{"start":{"line":79,"column":2},"end":{"line":81,"column":3}},"27":{"start":{"line":80,"column":4},"end":{"line":80,"column":41}},"28":{"start":{"line":82,"column":2},"end":{"line":82,"column":32}},"29":{"start":{"line":84,"column":2},"end":{"line":84,"column":15}},"30":{"start":{"line":91,"column":14},"end":{"line":91,"column":31}},"31":{"start":{"line":94,"column":2},"end":{"line":96,"column":3}},"32":{"start":{"line":95,"column":4},"end":{"line":95,"column":41}},"33":{"start":{"line":99,"column":2},"end":{"line":101,"column":3}},"34":{"start":{"line":100,"column":4},"end":{"line":100,"column":16}},"35":{"start":{"line":104,"column":23},"end":{"line":104,"column":40}},"36":{"start":{"line":105,"column":18},"end":{"line":105,"column":45}},"37":{"start":{"line":107,"column":2},"end":{"line":109,"column":3}},"38":{"start":{"line":108,"column":4},"end":{"line":108,"column":16}},"39":{"start":{"line":112,"column":24},"end":{"line":112,"column":26}},"40":{"start":{"line":113,"column":2},"end":{"line":140,"column":3}},"41":{"start":{"line":113,"column":15},"end":{"line":113,"column":16}},"42":{"start":{"line":114,"column":18},"end":{"line":114,"column":28}},"43":{"start":{"line":115,"column":19},"end":{"line":115,"column":93}},"44":{"start":{"line":117,"column":4},"end":{"line":120,"column":5}},"45":{"start":{"line":118,"column":6},"end":{"line":118,"column":62}},"46":{"start":{"line":119,"column":6},"end":{"line":119,"column":15}},"47":{"start":{"line":123,"column":22},"end":{"line":123,"column":60}},"48":{"start":{"line":125,"column":4},"end":{"line":139,"column":7}},"49":{"start":{"line":142,"column":2},"end":{"line":144,"column":3}},"50":{"start":{"line":143,"column":4},"end":{"line":143,"column":16}},"51":{"start":{"line":147,"column":19},"end":{"line":147,"column":36}},"52":{"start":{"line":148,"column":19},"end":{"line":148,"column":21}},"53":{"start":{"line":150,"column":2},"end":{"line":157,"column":3}},"54":{"start":{"line":151,"column":4},"end":{"line":151,"column":29}},"55":{"start":{"line":154,"column":4},"end":{"line":156,"column":6}},"56":{"start":{"line":159,"column":2},"end":{"line":173,"column":4}},"57":{"start":{"line":180,"column":2},"end":{"line":188,"column":3}},"58":{"start":{"line":181,"column":4},"end":{"line":187,"column":5}},"59":{"start":{"line":182,"column":6},"end":{"line":184,"column":7}},"60":{"start":{"line":183,"column":8},"end":{"line":183,"column":59}},"61":{"start":{"line":186,"column":6},"end":{"line":186,"column":27}},"62":{"start":{"line":189,"column":2},"end":{"line":189,"column":17}},"63":{"start":{"line":192,"column":0},"end":{"line":197,"column":2}}},"fnMap":{"0":{"name":"generateQueryName","decl":{"start":{"line":12,"column":9},"end":{"line":12,"column":26}},"loc":{"start":{"line":12,"column":49},"end":{"line":41,"column":1}},"line":12},"1":{"name":"(anonymous_1)","decl":{"start":{"line":19,"column":54},"end":{"line":19,"column":55}},"loc":{"start":{"line":19,"column":62},"end":{"line":19,"column":73}},"line":19},"2":{"name":"(anonymous_2)","decl":{"start":{"line":37,"column":29},"end":{"line":37,"column":30}},"loc":{"start":{"line":37,"column":34},"end":{"line":37,"column":52}},"line":37},"3":{"name":"convertMarkdownWidget","decl":{"start":{"line":46,"column":9},"end":{"line":46,"column":30}},"loc":{"start":{"line":46,"column":39},"end":{"line":85,"column":1}},"line":46},"4":{"name":"convertWidget","decl":{"start":{"line":90,"column":9},"end":{"line":90,"column":22}},"loc":{"start":{"line":90,"column":76},"end":{"line":174,"column":1}},"line":90},"5":{"name":"extractWidgets","decl":{"start":{"line":179,"column":9},"end":{"line":179,"column":23}},"loc":{"start":{"line":179,"column":47},"end":{"line":190,"column":1}},"line":179}},"branchMap":{"0":{"loc":{"start":{"line":15,"column":2},"end":{"line":15,"column":35}},"type":"if","locations":[{"start":{"line":15,"column":2},"end":{"line":15,"column":35}},{"start":{},"end":{}}],"line":15},"1":{"loc":{"start":{"line":19,"column":18},"end":{"line":19,"column":79}},"type":"cond-expr","locations":[{"start":{"line":19,"column":28},"end":{"line":19,"column":74}},{"start":{"line":19,"column":77},"end":{"line":19,"column":79}}],"line":19},"2":{"loc":{"start":{"line":23,"column":2},"end":{"line":27,"column":3}},"type":"if","locations":[{"start":{"line":23,"column":2},"end":{"line":27,"column":3}},{"start":{"line":25,"column":9},"end":{"line":27,"column":3}}],"line":23},"3":{"loc":{"start":{"line":25,"column":9},"end":{"line":27,"column":3}},"type":"if","locations":[{"start":{"line":25,"column":9},"end":{"line":27,"column":3}},{"start":{},"end":{}}],"line":25},"4":{"loc":{"start":{"line":30,"column":2},"end":{"line":33,"column":3}},"type":"if","locations":[{"start":{"line":30,"column":2},"end":{"line":33,"column":3}},{"start":{},"end":{}}],"line":30},"5":{"loc":{"start":{"line":36,"column":2},"end":{"line":38,"column":3}},"type":"if","locations":[{"start":{"line":36,"column":2},"end":{"line":38,"column":3}},{"start":{},"end":{}}],"line":36},"6":{"loc":{"start":{"line":49,"column":2},"end":{"line":51,"column":3}},"type":"if","locations":[{"start":{"line":49,"column":2},"end":{"line":51,"column":3}},{"start":{},"end":{}}],"line":49},"7":{"loc":{"start":{"line":49,"column":6},"end":{"line":49,"column":41}},"type":"binary-expr","locations":[{"start":{"line":49,"column":6},"end":{"line":49,"column":25}},{"start":{"line":49,"column":29},"end":{"line":49,"column":41}}],"line":49},"8":{"loc":{"start":{"line":55,"column":16},"end":{"line":55,"column":86}},"type":"cond-expr","locations":[{"start":{"line":55,"column":40},"end":{"line":55,"column":74}},{"start":{"line":55,"column":77},"end":{"line":55,"column":86}}],"line":55},"9":{"loc":{"start":{"line":61,"column":14},"end":{"line":61,"column":38}},"type":"binary-expr","locations":[{"start":{"line":61,"column":14},"end":{"line":61,"column":19}},{"start":{"line":61,"column":23},"end":{"line":61,"column":38}}],"line":61},"10":{"loc":{"start":{"line":79,"column":2},"end":{"line":81,"column":3}},"type":"if","locations":[{"start":{"line":79,"column":2},"end":{"line":81,"column":3}},{"start":{},"end":{}}],"line":79},"11":{"loc":{"start":{"line":94,"column":2},"end":{"line":96,"column":3}},"type":"if","locations":[{"start":{"line":94,"column":2},"end":{"line":96,"column":3}},{"start":{},"end":{}}],"line":94},"12":{"loc":{"start":{"line":99,"column":2},"end":{"line":101,"column":3}},"type":"if","locations":[{"start":{"line":99,"column":2},"end":{"line":101,"column":3}},{"start":{},"end":{}}],"line":99},"13":{"loc":{"start":{"line":99,"column":6},"end":{"line":99,"column":56}},"type":"binary-expr","locations":[{"start":{"line":99,"column":6},"end":{"line":99,"column":26}},{"start":{"line":99,"column":30},"end":{"line":99,"column":56}}],"line":99},"14":{"loc":{"start":{"line":105,"column":18},"end":{"line":105,"column":45}},"type":"binary-expr","locations":[{"start":{"line":105,"column":18},"end":{"line":105,"column":39}},{"start":{"line":105,"column":43},"end":{"line":105,"column":45}}],"line":105},"15":{"loc":{"start":{"line":107,"column":2},"end":{"line":109,"column":3}},"type":"if","locations":[{"start":{"line":107,"column":2},"end":{"line":109,"column":3}},{"start":{},"end":{}}],"line":107},"16":{"loc":{"start":{"line":107,"column":6},"end":{"line":107,"column":42}},"type":"binary-expr","locations":[{"start":{"line":107,"column":6},"end":{"line":107,"column":21}},{"start":{"line":107,"column":25},"end":{"line":107,"column":42}}],"line":107},"17":{"loc":{"start":{"line":117,"column":4},"end":{"line":120,"column":5}},"type":"if","locations":[{"start":{"line":117,"column":4},"end":{"line":120,"column":5}},{"start":{},"end":{}}],"line":117},"18":{"loc":{"start":{"line":135,"column":30},"end":{"line":135,"column":102}},"type":"cond-expr","locations":[{"start":{"line":135,"column":76},"end":{"line":135,"column":90}},{"start":{"line":135,"column":93},"end":{"line":135,"column":102}}],"line":135},"19":{"loc":{"start":{"line":142,"column":2},"end":{"line":144,"column":3}},"type":"if","locations":[{"start":{"line":142,"column":2},"end":{"line":144,"column":3}},{"start":{},"end":{}}],"line":142},"20":{"loc":{"start":{"line":150,"column":2},"end":{"line":157,"column":3}},"type":"if","locations":[{"start":{"line":150,"column":2},"end":{"line":157,"column":3}},{"start":{},"end":{}}],"line":150},"21":{"loc":{"start":{"line":163,"column":14},"end":{"line":163,"column":43}},"type":"binary-expr","locations":[{"start":{"line":163,"column":14},"end":{"line":163,"column":23}},{"start":{"line":163,"column":27},"end":{"line":163,"column":43}}],"line":163},"22":{"loc":{"start":{"line":179,"column":33},"end":{"line":179,"column":45}},"type":"default-arg","locations":[{"start":{"line":179,"column":43},"end":{"line":179,"column":45}}],"line":179},"23":{"loc":{"start":{"line":181,"column":4},"end":{"line":187,"column":5}},"type":"if","locations":[{"start":{"line":181,"column":4},"end":{"line":187,"column":5}},{"start":{"line":185,"column":11},"end":{"line":187,"column":5}}],"line":181},"24":{"loc":{"start":{"line":181,"column":8},"end":{"line":181,"column":86}},"type":"binary-expr","locations":[{"start":{"line":181,"column":8},"end":{"line":181,"column":42}},{"start":{"line":181,"column":46},"end":{"line":181,"column":86}}],"line":181},"25":{"loc":{"start":{"line":182,"column":6},"end":{"line":184,"column":7}},"type":"if","locations":[{"start":{"line":182,"column":6},"end":{"line":184,"column":7}},{"start":{},"end":{}}],"line":182}},"s":{"0":2,"1":28,"2":28,"3":1,"4":27,"5":27,"6":27,"7":13,"8":27,"9":27,"10":6,"11":21,"12":19,"13":27,"14":11,"15":11,"16":16,"17":1,"18":2,"19":15,"20":11,"21":11,"22":3,"23":8,"24":8,"25":8,"26":8,"27":1,"28":8,"29":8,"30":23,"31":23,"32":1,"33":22,"34":2,"35":20,"36":20,"37":20,"38":3,"39":17,"40":17,"41":17,"42":22,"43":22,"44":22,"45":2,"46":2,"47":20,"48":20,"49":17,"50":1,"51":16,"52":16,"53":16,"54":2,"55":2,"56":16,"57":14,"58":18,"59":6,"60":6,"61":12,"62":14,"63":2},"f":{"0":28,"1":13,"2":2,"3":11,"4":23,"5":14},"b":{"0":[1,27],"1":[12,15],"2":[6,21],"3":[19,2],"4":[11,16],"5":[1,15],"6":[3,8],"7":[11,10],"8":[1,7],"9":[8,0],"10":[1,7],"11":[1,22],"12":[2,20],"13":[22,21],"14":[20,2],"15":[3,17],"16":[20,18],"17":[2,20],"18":[0,20],"19":[1,16],"20":[2,14],"21":[16,1],"22":[7],"23":[6,12],"24":[18,13],"25":[6,0]},"_coverageSchema":"1a1c01bbd47fc00a2c39e90264f33305004495a9","hash":"3b87174a7447783290ec1dca7fedce425c4f164a"}
}
