TN:
SF:src/attribute-mapper.js
FN:14,mapAttributeName
FN:31,extractGroupBy
FN:37,(anonymous_2)
FN:50,(anonymous_3)
FNF:4
FNH:4
FNDA:158,mapAttributeName
FNDA:148,extractGroupBy
FNDA:81,(anonymous_2)
FNDA:7,(anonymous_3)
DA:16,158
DA:17,62
DA:21,96
DA:33,148
DA:34,148
DA:35,59
DA:37,81
DA:43,89
DA:44,89
DA:45,53
DA:47,53
DA:48,53
DA:49,5
DA:52,7
DA:53,7
DA:59,84
DA:62,4
LF:17
LH:17
BRDA:16,0,0,62
BRDA:16,0,1,96
BRDA:34,1,0,59
BRDA:34,1,1,89
BRDA:44,2,0,53
BRDA:44,2,1,36
BRDA:48,3,0,5
BRDA:48,3,1,48
BRF:8
BRH:8
end_of_record
TN:
SF:src/metric-type.js
FN:30,getMetricType
FNF:1
FNH:1
FNDA:177,getMetricType
DA:32,177
DA:34,1323
DA:35,41
DA:39,1282
DA:40,96
DA:41,96
DA:42,15
DA:46,1186
DA:47,1186
DA:48,1594
DA:49,120
DA:56,1
DA:59,4
LF:13
LH:13
BRDA:34,0,0,41
BRDA:34,0,1,1282
BRDA:39,1,0,96
BRDA:39,1,1,1186
BRDA:41,2,0,15
BRDA:41,2,1,81
BRDA:48,3,0,120
BRDA:48,3,1,1474
BRF:8
BRH:8
end_of_record
TN:
SF:src/promql-converter.js
FN:42,extractFilters
FN:54,(anonymous_1)
FN:102,filtersToPromQL
FN:107,(anonymous_3)
FN:135,convertToPromQL
FNF:5
FNH:5
FNDA:125,extractFilters
FNDA:231,(anonymous_1)
FNDA:125,filtersToPromQL
FNDA:49,(anonymous_3)
FNDA:130,convertToPromQL
DA:29,3
DA:30,3
DA:44,125
DA:45,125
DA:46,33
DA:49,92
DA:50,92
DA:54,231
DA:56,92
DA:57,231
DA:60,231
DA:61,231
DA:62,231
DA:63,15
DA:64,15
DA:68,231
DA:69,166
DA:73,65
DA:74,65
DA:77,16
DA:80,49
DA:81,49
DA:83,49
DA:90,92
DA:103,125
DA:104,84
DA:107,41
DA:108,49
DA:112,49
DA:115,20
DA:118,20
DA:119,20
DA:122,29
DA:123,29
DA:126,49
DA:129,41
DA:136,130
DA:141,128
DA:142,128
DA:144,125
DA:145,125
DA:152,125
DA:158,125
DA:163,125
DA:164,125
DA:170,125
DA:184,125
DA:186,125
DA:195,20
DA:197,20
DA:198,8
DA:203,12
DA:205,105
DA:211,58
DA:214,6
DA:215,3
DA:217,3
DA:219,52
DA:222,17
DA:223,10
DA:228,7
DA:229,6
DA:231,1
DA:238,35
DA:240,5
DA:241,1
DA:243,4
DA:247,30
DA:248,7
DA:250,23
DA:254,47
DA:256,15
DA:257,4
DA:258,2
DA:260,2
DA:262,11
DA:263,5
DA:264,4
DA:266,1
DA:270,6
DA:271,1
DA:273,5
DA:276,32
DA:278,26
DA:279,10
DA:280,4
DA:283,6
DA:286,16
DA:287,4
DA:289,12
DA:292,6
DA:296,6
DA:300,2
DA:301,1
DA:304,1
DA:306,4
DA:307,0
DA:308,0
DA:310,0
DA:314,4
DA:315,1
DA:317,3
DA:322,0
DA:323,0
DA:324,0
DA:326,0
DA:329,0
DA:330,0
DA:332,0
DA:337,125
DA:340,3
LF:111
LH:101
BRDA:45,0,0,33
BRDA:45,0,1,92
BRDA:57,1,0,0
BRDA:57,1,1,231
BRDA:62,2,0,15
BRDA:62,2,1,216
BRDA:68,3,0,166
BRDA:68,3,1,65
BRDA:74,4,0,16
BRDA:74,4,1,49
BRDA:103,5,0,84
BRDA:103,5,1,41
BRDA:103,6,0,125
BRDA:103,6,1,125
BRDA:112,7,0,20
BRDA:112,7,1,29
BRDA:112,8,0,49
BRDA:112,8,1,29
BRDA:118,9,0,13
BRDA:118,9,1,7
BRDA:122,10,0,2
BRDA:122,10,1,27
BRDA:136,11,0,2
BRDA:136,11,1,128
BRDA:142,12,0,3
BRDA:142,12,1,125
BRDA:170,13,0,41
BRDA:170,13,1,84
BRDA:186,14,0,20
BRDA:186,14,1,105
BRDA:197,15,0,8
BRDA:197,15,1,12
BRDA:205,16,0,58
BRDA:205,16,1,47
BRDA:211,17,0,6
BRDA:211,17,1,52
BRDA:214,18,0,3
BRDA:214,18,1,3
BRDA:219,19,0,17
BRDA:219,19,1,35
BRDA:222,20,0,10
BRDA:222,20,1,7
BRDA:228,21,0,6
BRDA:228,21,1,1
BRDA:238,22,0,5
BRDA:238,22,1,30
BRDA:240,23,0,1
BRDA:240,23,1,4
BRDA:247,24,0,7
BRDA:247,24,1,23
BRDA:254,25,0,15
BRDA:254,25,1,32
BRDA:256,26,0,4
BRDA:256,26,1,11
BRDA:257,27,0,2
BRDA:257,27,1,2
BRDA:262,28,0,5
BRDA:262,28,1,6
BRDA:263,29,0,4
BRDA:263,29,1,1
BRDA:270,30,0,1
BRDA:270,30,1,5
BRDA:276,31,0,26
BRDA:276,31,1,6
BRDA:278,32,0,10
BRDA:278,32,1,16
BRDA:279,33,0,4
BRDA:279,33,1,6
BRDA:286,34,0,4
BRDA:286,34,1,12
BRDA:292,35,0,6
BRDA:292,35,1,0
BRDA:292,36,0,6
BRDA:292,36,1,1
BRDA:296,37,0,2
BRDA:296,37,1,4
BRDA:300,38,0,1
BRDA:300,38,1,1
BRDA:306,39,0,0
BRDA:306,39,1,4
BRDA:307,40,0,0
BRDA:307,40,1,0
BRDA:314,41,0,1
BRDA:314,41,1,3
BRDA:322,42,0,0
BRDA:322,42,1,0
BRDA:322,43,0,0
BRDA:322,43,1,0
BRDA:323,44,0,0
BRDA:323,44,1,0
BRDA:329,45,0,0
BRDA:329,45,1,0
BRF:92
BRH:79
end_of_record
TN:
SF:src/widget-converter.js
FN:12,generateQueryName
FN:19,(anonymous_1)
FN:37,(anonymous_2)
FN:46,convertMarkdownWidget
FN:90,convertWidget
FN:179,extractWidgets
FNF:6
FNH:6
FNDA:28,generateQueryName
FNDA:13,(anonymous_1)
FNDA:2,(anonymous_2)
FNDA:11,convertMarkdownWidget
FNDA:23,convertWidget
FNDA:14,extractWidgets
DA:7,2
DA:14,28
DA:15,28
DA:17,27
DA:18,27
DA:19,27
DA:22,27
DA:23,27
DA:24,6
DA:25,21
DA:26,19
DA:30,27
DA:31,11
DA:32,11
DA:36,16
DA:37,2
DA:40,15
DA:47,11
DA:49,11
DA:50,3
DA:54,8
DA:55,8
DA:57,8
DA:79,8
DA:80,1
DA:82,8
DA:84,8
DA:91,23
DA:94,23
DA:95,1
DA:99,22
DA:100,2
DA:104,20
DA:105,20
DA:107,20
DA:108,3
DA:112,17
DA:113,17
DA:114,22
DA:115,22
DA:117,22
DA:118,2
DA:119,2
DA:123,20
DA:125,20
DA:142,17
DA:143,1
DA:147,16
DA:148,16
DA:150,16
DA:151,2
DA:154,2
DA:159,16
DA:180,14
DA:181,18
DA:182,6
DA:183,6
DA:186,12
DA:189,14
DA:192,2
LF:60
LH:60
BRDA:15,0,0,1
BRDA:15,0,1,27
BRDA:19,1,0,12
BRDA:19,1,1,15
BRDA:23,2,0,6
BRDA:23,2,1,21
BRDA:25,3,0,19
BRDA:25,3,1,2
BRDA:30,4,0,11
BRDA:30,4,1,16
BRDA:36,5,0,1
BRDA:36,5,1,15
BRDA:49,6,0,3
BRDA:49,6,1,8
BRDA:49,7,0,11
BRDA:49,7,1,10
BRDA:55,8,0,1
BRDA:55,8,1,7
BRDA:61,9,0,8
BRDA:61,9,1,0
BRDA:79,10,0,1
BRDA:79,10,1,7
BRDA:94,11,0,1
BRDA:94,11,1,22
BRDA:99,12,0,2
BRDA:99,12,1,20
BRDA:99,13,0,22
BRDA:99,13,1,21
BRDA:105,14,0,20
BRDA:105,14,1,2
BRDA:107,15,0,3
BRDA:107,15,1,17
BRDA:107,16,0,20
BRDA:107,16,1,18
BRDA:117,17,0,2
BRDA:117,17,1,20
BRDA:135,18,0,0
BRDA:135,18,1,20
BRDA:142,19,0,1
BRDA:142,19,1,16
BRDA:150,20,0,2
BRDA:150,20,1,14
BRDA:163,21,0,16
BRDA:163,21,1,1
BRDA:179,22,0,7
BRDA:181,23,0,6
BRDA:181,23,1,12
BRDA:181,24,0,18
BRDA:181,24,1,13
BRDA:182,25,0,6
BRDA:182,25,1,0
BRF:51
BRH:48
end_of_record
